<?xml version="1.0" encoding="UTF-8"?>
<testng-results ignored="0" total="1" passed="1" failed="0" skipped="0">
  <reporter-output>
  </reporter-output>
  <suite started-at="2021-10-30T14:13:30Z" name="Default suite" finished-at="2021-10-30T14:13:34Z" duration-ms="4115">
    <groups>
    </groups>
    <test started-at="2021-10-30T14:13:30Z" name="Default test" finished-at="2021-10-30T14:13:34Z" duration-ms="4115">
      <class name="com.crudOperationswithoutBDD.GetAllTheResource">
        <test-method signature="getAllData()[pri:0, instance:com.crudOperationswithoutBDD.GetAllTheResource@4278284b]" started-at="2021-10-30T14:13:30Z" name="getAllData" finished-at="2021-10-30T14:13:34Z" duration-ms="4028" status="PASS">
          <reporter-output>
          </reporter-output>
        </test-method> <!-- getAllData -->
      </class> <!-- com.crudOperationswithoutBDD.GetAllTheResource -->
    </test> <!-- Default test -->
  </suite> <!-- Default suite -->
</testng-results>
